<html>
<head>
<title>TestNG:  FreeCRMNewApplicationTests</title>
<link href="../testng.css" rel="stylesheet" type="text/css" />
<link href="../my-testng.css" rel="stylesheet" type="text/css" />

<style type="text/css">
.log { display: none;} 
.stack-trace { display: none;} 
</style>
<script type="text/javascript">
<!--
function flip(e) {
  current = e.style.display;
  if (current == 'block') {
    e.style.display = 'none';
    return 0;
  }
  else {
    e.style.display = 'block';
    return 1;
  }
}

function toggleBox(szDivId, elem, msg1, msg2)
{
  var res = -1;  if (document.getElementById) {
    res = flip(document.getElementById(szDivId));
  }
  else if (document.all) {
    // this is the way old msie versions work
    res = flip(document.all[szDivId]);
  }
  if(elem) {
    if(res == 0) elem.innerHTML = msg1; else elem.innerHTML = msg2;
  }

}

function toggleAllBoxes() {
  if (document.getElementsByTagName) {
    d = document.getElementsByTagName('div');
    for (i = 0; i < d.length; i++) {
      if (d[i].className == 'log') {
        flip(d[i]);
      }
    }
  }
}

// -->
</script>

</head>
<body>
<h2 align='center'>FreeCRMNewApplicationTests</h2><table border='1' align="center">
<tr>
<td>Tests passed/Failed/Skipped:</td><td>29/2/0</td>
</tr><tr>
<td>Started on:</td><td>Tue Mar 17 00:28:10 EDT 2020</td>
</tr>
<tr><td>Total time:</td><td>601 seconds (601764 ms)</td>
</tr><tr>
<td>Included groups:</td><td></td>
</tr><tr>
<td>Excluded groups:</td><td></td>
</tr>
</table><p/>
<small><i>(Hover the method name to see the test class name)</i></small><p/>
<table width='100%' border='1' class='invocation-failed'>
<tr><td colspan='4' align='center'><b>FAILED TESTS</b></td></tr>
<tr><td><b>Test method</b></td>
<td width="30%"><b>Exception</b></td>
<td width="10%"><b>Time (seconds)</b></td>
<td><b>Instance</b></td>
</tr>
<tr>
<td title='com.crm.qa.tests.ContactsPageTest.deleteContactsTest()'><b>deleteContactsTest</b><br>Test class: com.crm.qa.tests.ContactsPageTest<br>Parameters: Max, J., Oswal, Boss, Friends, Lead, Inactive, Yes, No, No</td>
<td><div><pre>org.openqa.selenium.NoSuchElementException: no such element: Unable to locate element: {&quot;method&quot;:&quot;xpath&quot;,&quot;selector&quot;:&quot;//td[text()=&apos;Max Oswal J.&apos;]//parent::tr[@class]//preceding-sibling::td[@class]//div//input[@type=&apos;checkbox&apos;]&quot;}
  (Session info: chrome=80.0.3987.132)
For documentation on this error, please visit: https://www.seleniumhq.org/exceptions/no_such_element.html
Build info: version: &apos;3.141.59&apos;, revision: &apos;e82be7d358&apos;, time: &apos;2018-11-14T08:17:03&apos;
System info: host: &apos;DESKTOP-CIG5KTI&apos;, ip: &apos;192.168.0.25&apos;, os.name: &apos;Windows 10&apos;, os.arch: &apos;amd64&apos;, os.version: &apos;10.0&apos;, java.version: &apos;1.8.0_201&apos;
Driver info: org.openqa.selenium.chrome.ChromeDriver
Capabilities {acceptInsecureCerts: false, browserName: chrome, browserVersion: 80.0.3987.132, chrome: {chromedriverVersion: 80.0.3987.106 (f68069574609..., userDataDir: C:\Users\sosud\AppData\Loca...}, goog:chromeOptions: {debuggerAddress: localhost:53428}, javascriptEnabled: true, networkConnectionEnabled: false, pageLoadStrategy: normal, platform: WINDOWS, platformName: WINDOWS, proxy: Proxy(), setWindowRect: true, strictFileInteractability: false, timeouts: {implicit: 0, pageLoad: 300000, script: 30000}, unhandledPromptBehavior: dismiss and notify}
Session ID: 702e7cadb201985f3a05bcf7d2eabdf9
*** Element info: {Using=xpath, value=//td[text()=&apos;Max Oswal J.&apos;]//parent::tr[@class]//preceding-sibling::td[@class]//div//input[@type=&apos;checkbox&apos;]}
	at org.openqa.selenium.remote.http.W3CHttpResponseCodec.createException(W3CHttpResponseCodec.java:187)
	at org.openqa.selenium.remote.http.W3CHttpResponseCodec.decode(W3CHttpResponseCodec.java:122)
	at org.openqa.selenium.remote.http.W3CHttpResponseCodec.decode(W3CHttpResponseCodec.java:49)
	at org.openqa.selenium.remote.HttpCommandExecutor.execute(HttpCommandExecutor.java:158)
	at org.openqa.selenium.remote.service.DriverCommandExecutor.execute(DriverCommandExecutor.java:83)
	at org.openqa.selenium.remote.RemoteWebDriver.execute(RemoteWebDriver.java:552)
	at org.openqa.selenium.remote.RemoteWebDriver.findElement(RemoteWebDriver.java:323)
	at org.openqa.selenium.remote.RemoteWebDriver.findElementByXPath(RemoteWebDriver.java:428)
	at org.openqa.selenium.By$ByXPath.findElement(By.java:353)
	at org.openqa.selenium.remote.RemoteWebDriver.findElement(RemoteWebDriver.java:315)
	at org.openqa.selenium.support.events.EventFiringWebDriver.lambda$new$1(EventFiringWebDriver.java:105)
	at com.sun.proxy.$Proxy8.findElement(Unknown Source)
	at org.openqa.selenium.support.events.EventFiringWebDriver.findElement(EventFiringWebDriver.java:194)
	at com.crm.qa.pages.ContactsPage.selectContactByName(ContactsPage.java:160)
	at com.crm.qa.tests.ContactsPageTest.deleteContactsTest(ContactsPageTest.java:78)
... Removed 31 stack frames</pre></div><a href='#' onClick='toggleBox("stack-trace1436127733", this, "Click to show all stack frames", "Click to hide stack frames")'>Click to show all stack frames</a>
<div class='stack-trace' id='stack-trace1436127733'><pre>org.openqa.selenium.NoSuchElementException: no such element: Unable to locate element: {&quot;method&quot;:&quot;xpath&quot;,&quot;selector&quot;:&quot;//td[text()=&apos;Max Oswal J.&apos;]//parent::tr[@class]//preceding-sibling::td[@class]//div//input[@type=&apos;checkbox&apos;]&quot;}
  (Session info: chrome=80.0.3987.132)
For documentation on this error, please visit: https://www.seleniumhq.org/exceptions/no_such_element.html
Build info: version: &apos;3.141.59&apos;, revision: &apos;e82be7d358&apos;, time: &apos;2018-11-14T08:17:03&apos;
System info: host: &apos;DESKTOP-CIG5KTI&apos;, ip: &apos;192.168.0.25&apos;, os.name: &apos;Windows 10&apos;, os.arch: &apos;amd64&apos;, os.version: &apos;10.0&apos;, java.version: &apos;1.8.0_201&apos;
Driver info: org.openqa.selenium.chrome.ChromeDriver
Capabilities {acceptInsecureCerts: false, browserName: chrome, browserVersion: 80.0.3987.132, chrome: {chromedriverVersion: 80.0.3987.106 (f68069574609..., userDataDir: C:\Users\sosud\AppData\Loca...}, goog:chromeOptions: {debuggerAddress: localhost:53428}, javascriptEnabled: true, networkConnectionEnabled: false, pageLoadStrategy: normal, platform: WINDOWS, platformName: WINDOWS, proxy: Proxy(), setWindowRect: true, strictFileInteractability: false, timeouts: {implicit: 0, pageLoad: 300000, script: 30000}, unhandledPromptBehavior: dismiss and notify}
Session ID: 702e7cadb201985f3a05bcf7d2eabdf9
*** Element info: {Using=xpath, value=//td[text()=&apos;Max Oswal J.&apos;]//parent::tr[@class]//preceding-sibling::td[@class]//div//input[@type=&apos;checkbox&apos;]}
	at sun.reflect.NativeConstructorAccessorImpl.newInstance0(Native Method)
	at sun.reflect.NativeConstructorAccessorImpl.newInstance(NativeConstructorAccessorImpl.java:62)
	at sun.reflect.DelegatingConstructorAccessorImpl.newInstance(DelegatingConstructorAccessorImpl.java:45)
	at java.lang.reflect.Constructor.newInstance(Constructor.java:423)
	at org.openqa.selenium.remote.http.W3CHttpResponseCodec.createException(W3CHttpResponseCodec.java:187)
	at org.openqa.selenium.remote.http.W3CHttpResponseCodec.decode(W3CHttpResponseCodec.java:122)
	at org.openqa.selenium.remote.http.W3CHttpResponseCodec.decode(W3CHttpResponseCodec.java:49)
	at org.openqa.selenium.remote.HttpCommandExecutor.execute(HttpCommandExecutor.java:158)
	at org.openqa.selenium.remote.service.DriverCommandExecutor.execute(DriverCommandExecutor.java:83)
	at org.openqa.selenium.remote.RemoteWebDriver.execute(RemoteWebDriver.java:552)
	at org.openqa.selenium.remote.RemoteWebDriver.findElement(RemoteWebDriver.java:323)
	at org.openqa.selenium.remote.RemoteWebDriver.findElementByXPath(RemoteWebDriver.java:428)
	at org.openqa.selenium.By$ByXPath.findElement(By.java:353)
	at org.openqa.selenium.remote.RemoteWebDriver.findElement(RemoteWebDriver.java:315)
	at sun.reflect.GeneratedMethodAccessor3.invoke(Unknown Source)
	at sun.reflect.DelegatingMethodAccessorImpl.invoke(DelegatingMethodAccessorImpl.java:43)
	at java.lang.reflect.Method.invoke(Method.java:498)
	at org.openqa.selenium.support.events.EventFiringWebDriver.lambda$new$1(EventFiringWebDriver.java:105)
	at com.sun.proxy.$Proxy8.findElement(Unknown Source)
	at org.openqa.selenium.support.events.EventFiringWebDriver.findElement(EventFiringWebDriver.java:194)
	at com.crm.qa.pages.ContactsPage.selectContactByName(ContactsPage.java:160)
	at com.crm.qa.tests.ContactsPageTest.deleteContactsTest(ContactsPageTest.java:78)
	at sun.reflect.NativeMethodAccessorImpl.invoke0(Native Method)
	at sun.reflect.NativeMethodAccessorImpl.invoke(NativeMethodAccessorImpl.java:62)
	at sun.reflect.DelegatingMethodAccessorImpl.invoke(DelegatingMethodAccessorImpl.java:43)
	at java.lang.reflect.Method.invoke(Method.java:498)
	at org.testng.internal.MethodInvocationHelper.invokeMethod(MethodInvocationHelper.java:85)
	at org.testng.internal.Invoker.invokeMethod(Invoker.java:639)
	at org.testng.internal.Invoker.invokeTestMethod(Invoker.java:816)
	at org.testng.internal.Invoker.invokeTestMethods(Invoker.java:1124)
	at org.testng.internal.TestMethodWorker.invokeTestMethods(TestMethodWorker.java:125)
	at org.testng.internal.TestMethodWorker.run(TestMethodWorker.java:108)
	at org.testng.TestRunner.privateRun(TestRunner.java:774)
	at org.testng.TestRunner.run(TestRunner.java:624)
	at org.testng.SuiteRunner.runTest(SuiteRunner.java:359)
	at org.testng.SuiteRunner.runSequentially(SuiteRunner.java:354)
	at org.testng.SuiteRunner.privateRun(SuiteRunner.java:312)
	at org.testng.SuiteRunner.run(SuiteRunner.java:261)
	at org.testng.SuiteRunnerWorker.runSuite(SuiteRunnerWorker.java:52)
	at org.testng.SuiteRunnerWorker.run(SuiteRunnerWorker.java:86)
	at org.testng.TestNG.runSuitesSequentially(TestNG.java:1191)
	at org.testng.TestNG.runSuitesLocally(TestNG.java:1116)
	at org.testng.TestNG.run(TestNG.java:1024)
	at org.testng.remote.AbstractRemoteTestNG.run(AbstractRemoteTestNG.java:114)
	at org.testng.remote.RemoteTestNG.initAndRun(RemoteTestNG.java:251)
	at org.testng.remote.RemoteTestNG.main(RemoteTestNG.java:77)
</pre></div></td>
<td>11</td>
<td>com.crm.qa.tests.ContactsPageTest@2ed0fbae</td></tr>
<tr>
<td title='com.crm.qa.tests.ContactsPageTest.deleteContactsTest()'><b>deleteContactsTest</b><br>Test class: com.crm.qa.tests.ContactsPageTest<br>Parameters: David, N., Rose, Twitter, Inactive, Customer, On Hold, No, No, Yes</td>
<td><div><pre>org.openqa.selenium.NoSuchElementException: no such element: Unable to locate element: {&quot;method&quot;:&quot;xpath&quot;,&quot;selector&quot;:&quot;//td[text()=&apos;David Rose N.&apos;]//parent::tr[@class]//preceding-sibling::td[@class]//div//input[@type=&apos;checkbox&apos;]&quot;}
  (Session info: chrome=80.0.3987.132)
For documentation on this error, please visit: https://www.seleniumhq.org/exceptions/no_such_element.html
Build info: version: &apos;3.141.59&apos;, revision: &apos;e82be7d358&apos;, time: &apos;2018-11-14T08:17:03&apos;
System info: host: &apos;DESKTOP-CIG5KTI&apos;, ip: &apos;192.168.0.25&apos;, os.name: &apos;Windows 10&apos;, os.arch: &apos;amd64&apos;, os.version: &apos;10.0&apos;, java.version: &apos;1.8.0_201&apos;
Driver info: org.openqa.selenium.chrome.ChromeDriver
Capabilities {acceptInsecureCerts: false, browserName: chrome, browserVersion: 80.0.3987.132, chrome: {chromedriverVersion: 80.0.3987.106 (f68069574609..., userDataDir: C:\Users\sosud\AppData\Loca...}, goog:chromeOptions: {debuggerAddress: localhost:53529}, javascriptEnabled: true, networkConnectionEnabled: false, pageLoadStrategy: normal, platform: WINDOWS, platformName: WINDOWS, proxy: Proxy(), setWindowRect: true, strictFileInteractability: false, timeouts: {implicit: 0, pageLoad: 300000, script: 30000}, unhandledPromptBehavior: dismiss and notify}
Session ID: 46c8c98e44cbcbd2db4fe0ff596050be
*** Element info: {Using=xpath, value=//td[text()=&apos;David Rose N.&apos;]//parent::tr[@class]//preceding-sibling::td[@class]//div//input[@type=&apos;checkbox&apos;]}
	at org.openqa.selenium.remote.http.W3CHttpResponseCodec.createException(W3CHttpResponseCodec.java:187)
	at org.openqa.selenium.remote.http.W3CHttpResponseCodec.decode(W3CHttpResponseCodec.java:122)
	at org.openqa.selenium.remote.http.W3CHttpResponseCodec.decode(W3CHttpResponseCodec.java:49)
	at org.openqa.selenium.remote.HttpCommandExecutor.execute(HttpCommandExecutor.java:158)
	at org.openqa.selenium.remote.service.DriverCommandExecutor.execute(DriverCommandExecutor.java:83)
	at org.openqa.selenium.remote.RemoteWebDriver.execute(RemoteWebDriver.java:552)
	at org.openqa.selenium.remote.RemoteWebDriver.findElement(RemoteWebDriver.java:323)
	at org.openqa.selenium.remote.RemoteWebDriver.findElementByXPath(RemoteWebDriver.java:428)
	at org.openqa.selenium.By$ByXPath.findElement(By.java:353)
	at org.openqa.selenium.remote.RemoteWebDriver.findElement(RemoteWebDriver.java:315)
	at org.openqa.selenium.support.events.EventFiringWebDriver.lambda$new$1(EventFiringWebDriver.java:105)
	at com.sun.proxy.$Proxy8.findElement(Unknown Source)
	at org.openqa.selenium.support.events.EventFiringWebDriver.findElement(EventFiringWebDriver.java:194)
	at com.crm.qa.pages.ContactsPage.selectContactByName(ContactsPage.java:160)
	at com.crm.qa.tests.ContactsPageTest.deleteContactsTest(ContactsPageTest.java:78)
... Removed 31 stack frames</pre></div><a href='#' onClick='toggleBox("stack-trace1528099970", this, "Click to show all stack frames", "Click to hide stack frames")'>Click to show all stack frames</a>
<div class='stack-trace' id='stack-trace1528099970'><pre>org.openqa.selenium.NoSuchElementException: no such element: Unable to locate element: {&quot;method&quot;:&quot;xpath&quot;,&quot;selector&quot;:&quot;//td[text()=&apos;David Rose N.&apos;]//parent::tr[@class]//preceding-sibling::td[@class]//div//input[@type=&apos;checkbox&apos;]&quot;}
  (Session info: chrome=80.0.3987.132)
For documentation on this error, please visit: https://www.seleniumhq.org/exceptions/no_such_element.html
Build info: version: &apos;3.141.59&apos;, revision: &apos;e82be7d358&apos;, time: &apos;2018-11-14T08:17:03&apos;
System info: host: &apos;DESKTOP-CIG5KTI&apos;, ip: &apos;192.168.0.25&apos;, os.name: &apos;Windows 10&apos;, os.arch: &apos;amd64&apos;, os.version: &apos;10.0&apos;, java.version: &apos;1.8.0_201&apos;
Driver info: org.openqa.selenium.chrome.ChromeDriver
Capabilities {acceptInsecureCerts: false, browserName: chrome, browserVersion: 80.0.3987.132, chrome: {chromedriverVersion: 80.0.3987.106 (f68069574609..., userDataDir: C:\Users\sosud\AppData\Loca...}, goog:chromeOptions: {debuggerAddress: localhost:53529}, javascriptEnabled: true, networkConnectionEnabled: false, pageLoadStrategy: normal, platform: WINDOWS, platformName: WINDOWS, proxy: Proxy(), setWindowRect: true, strictFileInteractability: false, timeouts: {implicit: 0, pageLoad: 300000, script: 30000}, unhandledPromptBehavior: dismiss and notify}
Session ID: 46c8c98e44cbcbd2db4fe0ff596050be
*** Element info: {Using=xpath, value=//td[text()=&apos;David Rose N.&apos;]//parent::tr[@class]//preceding-sibling::td[@class]//div//input[@type=&apos;checkbox&apos;]}
	at sun.reflect.NativeConstructorAccessorImpl.newInstance0(Native Method)
	at sun.reflect.NativeConstructorAccessorImpl.newInstance(NativeConstructorAccessorImpl.java:62)
	at sun.reflect.DelegatingConstructorAccessorImpl.newInstance(DelegatingConstructorAccessorImpl.java:45)
	at java.lang.reflect.Constructor.newInstance(Constructor.java:423)
	at org.openqa.selenium.remote.http.W3CHttpResponseCodec.createException(W3CHttpResponseCodec.java:187)
	at org.openqa.selenium.remote.http.W3CHttpResponseCodec.decode(W3CHttpResponseCodec.java:122)
	at org.openqa.selenium.remote.http.W3CHttpResponseCodec.decode(W3CHttpResponseCodec.java:49)
	at org.openqa.selenium.remote.HttpCommandExecutor.execute(HttpCommandExecutor.java:158)
	at org.openqa.selenium.remote.service.DriverCommandExecutor.execute(DriverCommandExecutor.java:83)
	at org.openqa.selenium.remote.RemoteWebDriver.execute(RemoteWebDriver.java:552)
	at org.openqa.selenium.remote.RemoteWebDriver.findElement(RemoteWebDriver.java:323)
	at org.openqa.selenium.remote.RemoteWebDriver.findElementByXPath(RemoteWebDriver.java:428)
	at org.openqa.selenium.By$ByXPath.findElement(By.java:353)
	at org.openqa.selenium.remote.RemoteWebDriver.findElement(RemoteWebDriver.java:315)
	at sun.reflect.GeneratedMethodAccessor3.invoke(Unknown Source)
	at sun.reflect.DelegatingMethodAccessorImpl.invoke(DelegatingMethodAccessorImpl.java:43)
	at java.lang.reflect.Method.invoke(Method.java:498)
	at org.openqa.selenium.support.events.EventFiringWebDriver.lambda$new$1(EventFiringWebDriver.java:105)
	at com.sun.proxy.$Proxy8.findElement(Unknown Source)
	at org.openqa.selenium.support.events.EventFiringWebDriver.findElement(EventFiringWebDriver.java:194)
	at com.crm.qa.pages.ContactsPage.selectContactByName(ContactsPage.java:160)
	at com.crm.qa.tests.ContactsPageTest.deleteContactsTest(ContactsPageTest.java:78)
	at sun.reflect.NativeMethodAccessorImpl.invoke0(Native Method)
	at sun.reflect.NativeMethodAccessorImpl.invoke(NativeMethodAccessorImpl.java:62)
	at sun.reflect.DelegatingMethodAccessorImpl.invoke(DelegatingMethodAccessorImpl.java:43)
	at java.lang.reflect.Method.invoke(Method.java:498)
	at org.testng.internal.MethodInvocationHelper.invokeMethod(MethodInvocationHelper.java:85)
	at org.testng.internal.Invoker.invokeMethod(Invoker.java:639)
	at org.testng.internal.Invoker.invokeTestMethod(Invoker.java:816)
	at org.testng.internal.Invoker.invokeTestMethods(Invoker.java:1124)
	at org.testng.internal.TestMethodWorker.invokeTestMethods(TestMethodWorker.java:125)
	at org.testng.internal.TestMethodWorker.run(TestMethodWorker.java:108)
	at org.testng.TestRunner.privateRun(TestRunner.java:774)
	at org.testng.TestRunner.run(TestRunner.java:624)
	at org.testng.SuiteRunner.runTest(SuiteRunner.java:359)
	at org.testng.SuiteRunner.runSequentially(SuiteRunner.java:354)
	at org.testng.SuiteRunner.privateRun(SuiteRunner.java:312)
	at org.testng.SuiteRunner.run(SuiteRunner.java:261)
	at org.testng.SuiteRunnerWorker.runSuite(SuiteRunnerWorker.java:52)
	at org.testng.SuiteRunnerWorker.run(SuiteRunnerWorker.java:86)
	at org.testng.TestNG.runSuitesSequentially(TestNG.java:1191)
	at org.testng.TestNG.runSuitesLocally(TestNG.java:1116)
	at org.testng.TestNG.run(TestNG.java:1024)
	at org.testng.remote.AbstractRemoteTestNG.run(AbstractRemoteTestNG.java:114)
	at org.testng.remote.RemoteTestNG.initAndRun(RemoteTestNG.java:251)
	at org.testng.remote.RemoteTestNG.main(RemoteTestNG.java:77)
</pre></div></td>
<td>10</td>
<td>com.crm.qa.tests.ContactsPageTest@2ed0fbae</td></tr>
</table><p>
<table width='100%' border='1' class='invocation-passed'>
<tr><td colspan='4' align='center'><b>PASSED TESTS</b></td></tr>
<tr><td><b>Test method</b></td>
<td width="30%"><b>Exception</b></td>
<td width="10%"><b>Time (seconds)</b></td>
<td><b>Instance</b></td>
</tr>
<tr>
<td title='com.crm.qa.tests.MainPageTest.ClickOnLoginButtonTest()'><b>ClickOnLoginButtonTest</b><br>Test class: com.crm.qa.tests.MainPageTest</td>
<td></td>
<td>3</td>
<td>com.crm.qa.tests.MainPageTest@12d3a4e9</td></tr>
<tr>
<td title='com.crm.qa.tests.LoginPageTest.LoginToCRMTest()'><b>LoginToCRMTest</b><br>Test class: com.crm.qa.tests.LoginPageTest</td>
<td></td>
<td>3</td>
<td>com.crm.qa.tests.LoginPageTest@240237d2</td></tr>
<tr>
<td title='com.crm.qa.tests.MainPageTest.VerifyCRMLogoTest()'><b>VerifyCRMLogoTest</b><br>Test class: com.crm.qa.tests.MainPageTest</td>
<td></td>
<td>0</td>
<td>com.crm.qa.tests.MainPageTest@12d3a4e9</td></tr>
<tr>
<td title='com.crm.qa.tests.MainPageTest.VerifyPageTitleTest()'><b>VerifyPageTitleTest</b><br>Test class: com.crm.qa.tests.MainPageTest</td>
<td></td>
<td>0</td>
<td>com.crm.qa.tests.MainPageTest@12d3a4e9</td></tr>
<tr>
<td title='com.crm.qa.tests.ContactsPageTest.deleteContactsTest()'><b>deleteContactsTest</b><br>Test class: com.crm.qa.tests.ContactsPageTest<br>Parameters: John, S., Kelly, Amazon, Public, Contact, Terminated, No, Yes, Yes</td>
<td></td>
<td>3</td>
<td>com.crm.qa.tests.ContactsPageTest@2ed0fbae</td></tr>
<tr>
<td title='com.crm.qa.tests.ContactsPageTest.fillCreateNewContactsFormTest()'><b>fillCreateNewContactsFormTest</b><br>Test class: com.crm.qa.tests.ContactsPageTest<br>Parameters: Max, J., Oswal, Boss, Friends, Lead, Inactive, Yes, No, No</td>
<td></td>
<td>3</td>
<td>com.crm.qa.tests.ContactsPageTest@2ed0fbae</td></tr>
<tr>
<td title='com.crm.qa.tests.ContactsPageTest.fillCreateNewContactsFormTest()'><b>fillCreateNewContactsFormTest</b><br>Test class: com.crm.qa.tests.ContactsPageTest<br>Parameters: John, S., Kelly, Amazon, Public, Contact, Terminated, No, Yes, Yes</td>
<td></td>
<td>4</td>
<td>com.crm.qa.tests.ContactsPageTest@2ed0fbae</td></tr>
<tr>
<td title='com.crm.qa.tests.ContactsPageTest.fillCreateNewContactsFormTest()'><b>fillCreateNewContactsFormTest</b><br>Test class: com.crm.qa.tests.ContactsPageTest<br>Parameters: David, N., Rose, Twitter, Inactive, Customer, On Hold, No, No, Yes</td>
<td></td>
<td>3</td>
<td>com.crm.qa.tests.ContactsPageTest@2ed0fbae</td></tr>
<tr>
<td title='com.crm.qa.tests.LoginPageTest.forgetPasswordLinkDisplayTest()'><b>forgetPasswordLinkDisplayTest</b><br>Test class: com.crm.qa.tests.LoginPageTest</td>
<td></td>
<td>0</td>
<td>com.crm.qa.tests.LoginPageTest@240237d2</td></tr>
<tr>
<td title='com.crm.qa.tests.MainPageTest.getCountOfLinksOnMainPage()'><b>getCountOfLinksOnMainPage</b><br>Test class: com.crm.qa.tests.MainPageTest</td>
<td></td>
<td>0</td>
<td>com.crm.qa.tests.MainPageTest@12d3a4e9</td></tr>
<tr>
<td title='com.crm.qa.tests.MainPageTest.getTextForAllLinksOnMainPage()'><b>getTextForAllLinksOnMainPage</b><br>Test class: com.crm.qa.tests.MainPageTest</td>
<td></td>
<td>1</td>
<td>com.crm.qa.tests.MainPageTest@12d3a4e9</td></tr>
<tr>
<td title='com.crm.qa.tests.HomePageTest.verifyCalendarLinkTest()'><b>verifyCalendarLinkTest</b><br>Test class: com.crm.qa.tests.HomePageTest</td>
<td></td>
<td>1</td>
<td>com.crm.qa.tests.HomePageTest@25a65b77</td></tr>
<tr>
<td title='com.crm.qa.tests.HomePageTest.verifyCallsLinkTest()'><b>verifyCallsLinkTest</b><br>Test class: com.crm.qa.tests.HomePageTest</td>
<td></td>
<td>0</td>
<td>com.crm.qa.tests.HomePageTest@25a65b77</td></tr>
<tr>
<td title='com.crm.qa.tests.HomePageTest.verifyCasesLinkTest()'><b>verifyCasesLinkTest</b><br>Test class: com.crm.qa.tests.HomePageTest</td>
<td></td>
<td>0</td>
<td>com.crm.qa.tests.HomePageTest@25a65b77</td></tr>
<tr>
<td title='com.crm.qa.tests.HomePageTest.verifyCompaniesLink()'><b>verifyCompaniesLink</b><br>Test class: com.crm.qa.tests.HomePageTest</td>
<td></td>
<td>1</td>
<td>com.crm.qa.tests.HomePageTest@25a65b77</td></tr>
<tr>
<td title='com.crm.qa.tests.HomePageTest.verifyCompaniesLinkTest()'><b>verifyCompaniesLinkTest</b><br>Test class: com.crm.qa.tests.HomePageTest</td>
<td></td>
<td>0</td>
<td>com.crm.qa.tests.HomePageTest@25a65b77</td></tr>
<tr>
<td title='com.crm.qa.tests.HomePageTest.verifyContactsLinkTest()'><b>verifyContactsLinkTest</b><br>Test class: com.crm.qa.tests.HomePageTest</td>
<td></td>
<td>0</td>
<td>com.crm.qa.tests.HomePageTest@25a65b77</td></tr>
<tr>
<td title='com.crm.qa.tests.ContactsPageTest.verifyContactsPageTest()'><b>verifyContactsPageTest</b><br>Test class: com.crm.qa.tests.ContactsPageTest</td>
<td></td>
<td>0</td>
<td>com.crm.qa.tests.ContactsPageTest@2ed0fbae</td></tr>
<tr>
<td title='com.crm.qa.tests.HomePageTest.verifyDealsLinkTest()'><b>verifyDealsLinkTest</b><br>Test class: com.crm.qa.tests.HomePageTest</td>
<td></td>
<td>1</td>
<td>com.crm.qa.tests.HomePageTest@25a65b77</td></tr>
<tr>
<td title='com.crm.qa.tests.HomePageTest.verifyEmailLinkTest()'><b>verifyEmailLinkTest</b><br>Test class: com.crm.qa.tests.HomePageTest</td>
<td></td>
<td>0</td>
<td>com.crm.qa.tests.HomePageTest@25a65b77</td></tr>
<tr>
<td title='com.crm.qa.tests.ContactsPageTest.verifyExportButtonExistsTest()'><b>verifyExportButtonExistsTest</b><br>Test class: com.crm.qa.tests.ContactsPageTest</td>
<td></td>
<td>0</td>
<td>com.crm.qa.tests.ContactsPageTest@2ed0fbae</td></tr>
<tr>
<td title='com.crm.qa.tests.HomePageTest.verifyFormsLink()'><b>verifyFormsLink</b><br>Test class: com.crm.qa.tests.HomePageTest</td>
<td></td>
<td>1</td>
<td>com.crm.qa.tests.HomePageTest@25a65b77</td></tr>
<tr>
<td title='com.crm.qa.tests.ContactsPageTest.verifyHideFilterButtonExistsTest()'><b>verifyHideFilterButtonExistsTest</b><br>Test class: com.crm.qa.tests.ContactsPageTest</td>
<td></td>
<td>0</td>
<td>com.crm.qa.tests.ContactsPageTest@2ed0fbae</td></tr>
<tr>
<td title='com.crm.qa.tests.HomePageTest.verifyHomeLinkTest()'><b>verifyHomeLinkTest</b><br>Test class: com.crm.qa.tests.HomePageTest</td>
<td></td>
<td>1</td>
<td>com.crm.qa.tests.HomePageTest@25a65b77</td></tr>
<tr>
<td title='com.crm.qa.tests.HomePageTest.verifyLoggedInUserNameTest()'><b>verifyLoggedInUserNameTest</b><br>Test class: com.crm.qa.tests.HomePageTest</td>
<td></td>
<td>0</td>
<td>com.crm.qa.tests.HomePageTest@25a65b77</td></tr>
<tr>
<td title='com.crm.qa.tests.ContactsPageTest.verifyNewButtonExistsTest()'><b>verifyNewButtonExistsTest</b><br>Test class: com.crm.qa.tests.ContactsPageTest</td>
<td></td>
<td>0</td>
<td>com.crm.qa.tests.ContactsPageTest@2ed0fbae</td></tr>
<tr>
<td title='com.crm.qa.tests.LoginPageTest.verifyPageTitleTest()'><b>verifyPageTitleTest</b><br>Test class: com.crm.qa.tests.LoginPageTest</td>
<td></td>
<td>0</td>
<td>com.crm.qa.tests.LoginPageTest@240237d2</td></tr>
<tr>
<td title='com.crm.qa.tests.HomePageTest.verifyTasksLinkTest()'><b>verifyTasksLinkTest</b><br>Test class: com.crm.qa.tests.HomePageTest</td>
<td></td>
<td>0</td>
<td>com.crm.qa.tests.HomePageTest@25a65b77</td></tr>
<tr>
<td title='com.crm.qa.tests.HomePageTest.verifydocumentsLinkTest()'><b>verifydocumentsLinkTest</b><br>Test class: com.crm.qa.tests.HomePageTest</td>
<td></td>
<td>1</td>
<td>com.crm.qa.tests.HomePageTest@25a65b77</td></tr>
</table><p>
</body>
</html>