<?xml version="1.0" encoding="UTF-8"?>
<!-- Generated by org.testng.reporters.JUnitXMLReporter -->
<testsuite hostname="DESKTOP-CIG5KTI" name="FreeCRMNewApplicationTests" tests="31" failures="2" timestamp="17 Mar 2020 04:38:12 GMT" time="601.764" errors="0">
  <testcase name="VerifyPageTitleTest" time="0.018" classname="com.crm.qa.tests.MainPageTest"/>
  <testcase name="verifyPageTitleTest" time="0.008" classname="com.crm.qa.tests.LoginPageTest"/>
  <testcase name="verifyLoggedInUserNameTest" time="0.744" classname="com.crm.qa.tests.HomePageTest"/>
  <testcase name="verifyContactsPageTest" time="0.086" classname="com.crm.qa.tests.ContactsPageTest"/>
  <testcase name="VerifyCRMLogoTest" time="0.042" classname="com.crm.qa.tests.MainPageTest"/>
  <testcase name="forgetPasswordLinkDisplayTest" time="0.109" classname="com.crm.qa.tests.LoginPageTest"/>
  <testcase name="verifyHomeLinkTest" time="1.009" classname="com.crm.qa.tests.HomePageTest"/>
  <testcase name="verifyHideFilterButtonExistsTest" time="0.073" classname="com.crm.qa.tests.ContactsPageTest"/>
  <testcase name="ClickOnLoginButtonTest" time="3.977" classname="com.crm.qa.tests.MainPageTest"/>
  <testcase name="LoginToCRMTest" time="3.766" classname="com.crm.qa.tests.LoginPageTest"/>
  <testcase name="verifyCalendarLinkTest" time="1.069" classname="com.crm.qa.tests.HomePageTest"/>
  <testcase name="verifyExportButtonExistsTest" time="0.078" classname="com.crm.qa.tests.ContactsPageTest"/>
  <testcase name="getCountOfLinksOnMainPage" time="0.028" classname="com.crm.qa.tests.MainPageTest"/>
  <testcase name="verifyContactsLinkTest" time="0.907" classname="com.crm.qa.tests.HomePageTest"/>
  <testcase name="verifyNewButtonExistsTest" time="0.051" classname="com.crm.qa.tests.ContactsPageTest"/>
  <testcase name="getTextForAllLinksOnMainPage" time="1.12" classname="com.crm.qa.tests.MainPageTest"/>
  <testcase name="verifyCompaniesLinkTest" time="0.862" classname="com.crm.qa.tests.HomePageTest"/>
  <testcase name="fillCreateNewContactsFormTest" time="3.62" classname="com.crm.qa.tests.ContactsPageTest"/>
  <testcase name="fillCreateNewContactsFormTest" time="4.188" classname="com.crm.qa.tests.ContactsPageTest"/>
  <testcase name="fillCreateNewContactsFormTest" time="3.532" classname="com.crm.qa.tests.ContactsPageTest"/>
  <testcase name="verifyDealsLinkTest" time="1.112" classname="com.crm.qa.tests.HomePageTest"/>
  <testcase name="deleteContactsTest" time="11.59" classname="com.crm.qa.tests.ContactsPageTest">
    <failure type="org.openqa.selenium.NoSuchElementException" message="no such element: Unable to locate element: {&amp;quot;method&amp;quot;:&amp;quot;xpath&amp;quot;,&amp;quot;selector&amp;quot;:&amp;quot;//td[text()=&amp;apos;Max Oswal J.&amp;apos;]//parent::tr[@class]//preceding-sibling::td[@class]//div//input[@type=&amp;apos;checkbox&amp;apos;]&amp;quot;}
  (Session info: chrome=80.0.3987.132)
For documentation on this error, please visit: https://www.seleniumhq.org/exceptions/no_such_element.html
Build info: version: &amp;apos;3.141.59&amp;apos;, revision: &amp;apos;e82be7d358&amp;apos;, time: &amp;apos;2018-11-14T08:17:03&amp;apos;
System info: host: &amp;apos;DESKTOP-CIG5KTI&amp;apos;, ip: &amp;apos;192.168.0.25&amp;apos;, os.name: &amp;apos;Windows 10&amp;apos;, os.arch: &amp;apos;amd64&amp;apos;, os.version: &amp;apos;10.0&amp;apos;, java.version: &amp;apos;1.8.0_201&amp;apos;
Driver info: org.openqa.selenium.chrome.ChromeDriver
Capabilities {acceptInsecureCerts: false, browserName: chrome, browserVersion: 80.0.3987.132, chrome: {chromedriverVersion: 80.0.3987.106 (f68069574609..., userDataDir: C:\Users\sosud\AppData\Loca...}, goog:chromeOptions: {debuggerAddress: localhost:53428}, javascriptEnabled: true, networkConnectionEnabled: false, pageLoadStrategy: normal, platform: WINDOWS, platformName: WINDOWS, proxy: Proxy(), setWindowRect: true, strictFileInteractability: false, timeouts: {implicit: 0, pageLoad: 300000, script: 30000}, unhandledPromptBehavior: dismiss and notify}
Session ID: 702e7cadb201985f3a05bcf7d2eabdf9
*** Element info: {Using=xpath, value=//td[text()=&amp;apos;Max Oswal J.&amp;apos;]//parent::tr[@class]//preceding-sibling::td[@class]//div//input[@type=&amp;apos;checkbox&amp;apos;]}">
      <![CDATA[org.openqa.selenium.NoSuchElementException: no such element: Unable to locate element: {"method":"xpath","selector":"//td[text()='Max Oswal J.']//parent::tr[@class]//preceding-sibling::td[@class]//div//input[@type='checkbox']"}
  (Session info: chrome=80.0.3987.132)
For documentation on this error, please visit: https://www.seleniumhq.org/exceptions/no_such_element.html
Build info: version: '3.141.59', revision: 'e82be7d358', time: '2018-11-14T08:17:03'
System info: host: 'DESKTOP-CIG5KTI', ip: '192.168.0.25', os.name: 'Windows 10', os.arch: 'amd64', os.version: '10.0', java.version: '1.8.0_201'
Driver info: org.openqa.selenium.chrome.ChromeDriver
Capabilities {acceptInsecureCerts: false, browserName: chrome, browserVersion: 80.0.3987.132, chrome: {chromedriverVersion: 80.0.3987.106 (f68069574609..., userDataDir: C:\Users\sosud\AppData\Loca...}, goog:chromeOptions: {debuggerAddress: localhost:53428}, javascriptEnabled: true, networkConnectionEnabled: false, pageLoadStrategy: normal, platform: WINDOWS, platformName: WINDOWS, proxy: Proxy(), setWindowRect: true, strictFileInteractability: false, timeouts: {implicit: 0, pageLoad: 300000, script: 30000}, unhandledPromptBehavior: dismiss and notify}
Session ID: 702e7cadb201985f3a05bcf7d2eabdf9
*** Element info: {Using=xpath, value=//td[text()='Max Oswal J.']//parent::tr[@class]//preceding-sibling::td[@class]//div//input[@type='checkbox']}
	at org.openqa.selenium.remote.http.W3CHttpResponseCodec.createException(W3CHttpResponseCodec.java:187)
	at org.openqa.selenium.remote.http.W3CHttpResponseCodec.decode(W3CHttpResponseCodec.java:122)
	at org.openqa.selenium.remote.http.W3CHttpResponseCodec.decode(W3CHttpResponseCodec.java:49)
	at org.openqa.selenium.remote.HttpCommandExecutor.execute(HttpCommandExecutor.java:158)
	at org.openqa.selenium.remote.service.DriverCommandExecutor.execute(DriverCommandExecutor.java:83)
	at org.openqa.selenium.remote.RemoteWebDriver.execute(RemoteWebDriver.java:552)
	at org.openqa.selenium.remote.RemoteWebDriver.findElement(RemoteWebDriver.java:323)
	at org.openqa.selenium.remote.RemoteWebDriver.findElementByXPath(RemoteWebDriver.java:428)
	at org.openqa.selenium.By$ByXPath.findElement(By.java:353)
	at org.openqa.selenium.remote.RemoteWebDriver.findElement(RemoteWebDriver.java:315)
	at org.openqa.selenium.support.events.EventFiringWebDriver.lambda$new$1(EventFiringWebDriver.java:105)
	at com.sun.proxy.$Proxy8.findElement(Unknown Source)
	at org.openqa.selenium.support.events.EventFiringWebDriver.findElement(EventFiringWebDriver.java:194)
	at com.crm.qa.pages.ContactsPage.selectContactByName(ContactsPage.java:160)
	at com.crm.qa.tests.ContactsPageTest.deleteContactsTest(ContactsPageTest.java:78)
... Removed 31 stack frames]]>
    </failure>
  </testcase> <!-- deleteContactsTest -->
  <testcase name="deleteContactsTest" time="3.485" classname="com.crm.qa.tests.ContactsPageTest"/>
  <testcase name="deleteContactsTest" time="10.891" classname="com.crm.qa.tests.ContactsPageTest">
    <failure type="org.openqa.selenium.NoSuchElementException" message="no such element: Unable to locate element: {&amp;quot;method&amp;quot;:&amp;quot;xpath&amp;quot;,&amp;quot;selector&amp;quot;:&amp;quot;//td[text()=&amp;apos;David Rose N.&amp;apos;]//parent::tr[@class]//preceding-sibling::td[@class]//div//input[@type=&amp;apos;checkbox&amp;apos;]&amp;quot;}
  (Session info: chrome=80.0.3987.132)
For documentation on this error, please visit: https://www.seleniumhq.org/exceptions/no_such_element.html
Build info: version: &amp;apos;3.141.59&amp;apos;, revision: &amp;apos;e82be7d358&amp;apos;, time: &amp;apos;2018-11-14T08:17:03&amp;apos;
System info: host: &amp;apos;DESKTOP-CIG5KTI&amp;apos;, ip: &amp;apos;192.168.0.25&amp;apos;, os.name: &amp;apos;Windows 10&amp;apos;, os.arch: &amp;apos;amd64&amp;apos;, os.version: &amp;apos;10.0&amp;apos;, java.version: &amp;apos;1.8.0_201&amp;apos;
Driver info: org.openqa.selenium.chrome.ChromeDriver
Capabilities {acceptInsecureCerts: false, browserName: chrome, browserVersion: 80.0.3987.132, chrome: {chromedriverVersion: 80.0.3987.106 (f68069574609..., userDataDir: C:\Users\sosud\AppData\Loca...}, goog:chromeOptions: {debuggerAddress: localhost:53529}, javascriptEnabled: true, networkConnectionEnabled: false, pageLoadStrategy: normal, platform: WINDOWS, platformName: WINDOWS, proxy: Proxy(), setWindowRect: true, strictFileInteractability: false, timeouts: {implicit: 0, pageLoad: 300000, script: 30000}, unhandledPromptBehavior: dismiss and notify}
Session ID: 46c8c98e44cbcbd2db4fe0ff596050be
*** Element info: {Using=xpath, value=//td[text()=&amp;apos;David Rose N.&amp;apos;]//parent::tr[@class]//preceding-sibling::td[@class]//div//input[@type=&amp;apos;checkbox&amp;apos;]}">
      <![CDATA[org.openqa.selenium.NoSuchElementException: no such element: Unable to locate element: {"method":"xpath","selector":"//td[text()='David Rose N.']//parent::tr[@class]//preceding-sibling::td[@class]//div//input[@type='checkbox']"}
  (Session info: chrome=80.0.3987.132)
For documentation on this error, please visit: https://www.seleniumhq.org/exceptions/no_such_element.html
Build info: version: '3.141.59', revision: 'e82be7d358', time: '2018-11-14T08:17:03'
System info: host: 'DESKTOP-CIG5KTI', ip: '192.168.0.25', os.name: 'Windows 10', os.arch: 'amd64', os.version: '10.0', java.version: '1.8.0_201'
Driver info: org.openqa.selenium.chrome.ChromeDriver
Capabilities {acceptInsecureCerts: false, browserName: chrome, browserVersion: 80.0.3987.132, chrome: {chromedriverVersion: 80.0.3987.106 (f68069574609..., userDataDir: C:\Users\sosud\AppData\Loca...}, goog:chromeOptions: {debuggerAddress: localhost:53529}, javascriptEnabled: true, networkConnectionEnabled: false, pageLoadStrategy: normal, platform: WINDOWS, platformName: WINDOWS, proxy: Proxy(), setWindowRect: true, strictFileInteractability: false, timeouts: {implicit: 0, pageLoad: 300000, script: 30000}, unhandledPromptBehavior: dismiss and notify}
Session ID: 46c8c98e44cbcbd2db4fe0ff596050be
*** Element info: {Using=xpath, value=//td[text()='David Rose N.']//parent::tr[@class]//preceding-sibling::td[@class]//div//input[@type='checkbox']}
	at org.openqa.selenium.remote.http.W3CHttpResponseCodec.createException(W3CHttpResponseCodec.java:187)
	at org.openqa.selenium.remote.http.W3CHttpResponseCodec.decode(W3CHttpResponseCodec.java:122)
	at org.openqa.selenium.remote.http.W3CHttpResponseCodec.decode(W3CHttpResponseCodec.java:49)
	at org.openqa.selenium.remote.HttpCommandExecutor.execute(HttpCommandExecutor.java:158)
	at org.openqa.selenium.remote.service.DriverCommandExecutor.execute(DriverCommandExecutor.java:83)
	at org.openqa.selenium.remote.RemoteWebDriver.execute(RemoteWebDriver.java:552)
	at org.openqa.selenium.remote.RemoteWebDriver.findElement(RemoteWebDriver.java:323)
	at org.openqa.selenium.remote.RemoteWebDriver.findElementByXPath(RemoteWebDriver.java:428)
	at org.openqa.selenium.By$ByXPath.findElement(By.java:353)
	at org.openqa.selenium.remote.RemoteWebDriver.findElement(RemoteWebDriver.java:315)
	at org.openqa.selenium.support.events.EventFiringWebDriver.lambda$new$1(EventFiringWebDriver.java:105)
	at com.sun.proxy.$Proxy8.findElement(Unknown Source)
	at org.openqa.selenium.support.events.EventFiringWebDriver.findElement(EventFiringWebDriver.java:194)
	at com.crm.qa.pages.ContactsPage.selectContactByName(ContactsPage.java:160)
	at com.crm.qa.tests.ContactsPageTest.deleteContactsTest(ContactsPageTest.java:78)
... Removed 31 stack frames]]>
    </failure>
  </testcase> <!-- deleteContactsTest -->
  <testcase name="verifyTasksLinkTest" time="0.76" classname="com.crm.qa.tests.HomePageTest"/>
  <testcase name="verifyCasesLinkTest" time="0.9" classname="com.crm.qa.tests.HomePageTest"/>
  <testcase name="verifyCallsLinkTest" time="0.779" classname="com.crm.qa.tests.HomePageTest"/>
  <testcase name="verifydocumentsLinkTest" time="1.015" classname="com.crm.qa.tests.HomePageTest"/>
  <testcase name="verifyEmailLinkTest" time="0.806" classname="com.crm.qa.tests.HomePageTest"/>
  <testcase name="verifyCompaniesLink" time="1.106" classname="com.crm.qa.tests.HomePageTest"/>
  <testcase name="verifyFormsLink" time="1.313" classname="com.crm.qa.tests.HomePageTest"/>
</testsuite> <!-- FreeCRMNewApplicationTests -->
